  [1m[36mActiveRecord::SchemaMigration Load (0.4ms)[0m  [1mSELECT "schema_migrations".* FROM "schema_migrations"[0m
Migrating to CreateUsers (20141009140024)
  [1m[35m (0.1ms)[0m  BEGIN
  [1m[36m (12.2ms)[0m  [1mCREATE TABLE "users" ("id" serial primary key, "created_at" timestamp, "updated_at" timestamp) [0m
  [1m[35mSQL (0.4ms)[0m  INSERT INTO "schema_migrations" ("version") VALUES ($1)  [["version", "20141009140024"]]
  [1m[36m (0.7ms)[0m  [1mCOMMIT[0m
  [1m[35mActiveRecord::SchemaMigration Load (0.3ms)[0m  SELECT "schema_migrations".* FROM "schema_migrations"
  [1m[36m (115.5ms)[0m  [1mDROP DATABASE IF EXISTS "dummy_test"[0m
  [1m[35m (350.4ms)[0m  CREATE DATABASE "dummy_test" ENCODING = 'unicode'
  [1m[36mSQL (0.3ms)[0m  [1mCREATE EXTENSION IF NOT EXISTS "plpgsql"[0m
  [1m[35m (3.9ms)[0m  CREATE TABLE "users" ("id" serial primary key, "created_at" timestamp, "updated_at" timestamp) 
  [1m[36m (0.8ms)[0m  [1mCREATE TABLE "schema_migrations" ("version" character varying(255) NOT NULL) [0m
  [1m[35m (0.9ms)[0m  CREATE UNIQUE INDEX  "unique_schema_migrations" ON "schema_migrations"  ("version")
  [1m[36m (0.2ms)[0m  [1mSELECT version FROM "schema_migrations"[0m
  [1m[35m (0.4ms)[0m  INSERT INTO "schema_migrations" (version) VALUES ('20141009140024')
  [1m[36m (0.4ms)[0m  [1mINSERT INTO "schema_migrations" (version) VALUES ('20141007132909')[0m
  [1m[35m (0.3ms)[0m  INSERT INTO "schema_migrations" (version) VALUES ('20141007205411')
  [1m[36m (114.0ms)[0m  [1mDROP DATABASE IF EXISTS "dummy_test"[0m
  [1m[35m (233.3ms)[0m  CREATE DATABASE "dummy_test" ENCODING = 'unicode'
  [1m[36mSQL (0.4ms)[0m  [1mCREATE EXTENSION IF NOT EXISTS "plpgsql"[0m
  [1m[35m (4.3ms)[0m  CREATE TABLE "users" ("id" serial primary key, "created_at" timestamp, "updated_at" timestamp) 
  [1m[36m (0.8ms)[0m  [1mCREATE TABLE "schema_migrations" ("version" character varying(255) NOT NULL) [0m
  [1m[35m (0.9ms)[0m  CREATE UNIQUE INDEX  "unique_schema_migrations" ON "schema_migrations"  ("version")
  [1m[36m (0.2ms)[0m  [1mSELECT version FROM "schema_migrations"[0m
  [1m[35m (0.4ms)[0m  INSERT INTO "schema_migrations" (version) VALUES ('20141009140024')
  [1m[36m (0.4ms)[0m  [1mINSERT INTO "schema_migrations" (version) VALUES ('20141007132909')[0m
  [1m[35m (0.3ms)[0m  INSERT INTO "schema_migrations" (version) VALUES ('20141007205411')
  [1m[36mActiveRecord::SchemaMigration Load (0.3ms)[0m  [1mSELECT "schema_migrations".* FROM "schema_migrations"[0m
  [1m[35mActiveRecord::SchemaMigration Load (0.2ms)[0m  SELECT "schema_migrations".* FROM "schema_migrations"
  [1m[36mActiveRecord::SchemaMigration Load (0.4ms)[0m  [1mSELECT "schema_migrations".* FROM "schema_migrations"[0m
Migrating to CreateAudreyTopics (20141009151838)
  [1m[35m (0.1ms)[0m  BEGIN
  [1m[36m (5.3ms)[0m  [1mCREATE TABLE "audrey_topics" ("id" serial primary key, "topic" character varying(255), "content" text, "owner_id" integer, "created_at" timestamp, "updated_at" timestamp) [0m
  [1m[35mSQL (0.2ms)[0m  INSERT INTO "schema_migrations" ("version") VALUES ($1)  [["version", "20141009151838"]]
  [1m[36m (6.8ms)[0m  [1mCOMMIT[0m
Migrating to CreateAudreyVotes (20141009151839)
  [1m[35m (6.2ms)[0m  BEGIN
  [1m[36m (8.2ms)[0m  [1mCREATE TABLE "audrey_votes" ("id" serial primary key, "user_id" integer, "topic_id" integer, "value" integer, "created_at" timestamp, "updated_at" timestamp) [0m
  [1m[35m (1.0ms)[0m  CREATE  INDEX  "index_audrey_votes_on_user_id" ON "audrey_votes"  ("user_id")
  [1m[36m (0.8ms)[0m  [1mCREATE  INDEX  "index_audrey_votes_on_topic_id" ON "audrey_votes"  ("topic_id")[0m
  [1m[35mSQL (0.2ms)[0m  INSERT INTO "schema_migrations" ("version") VALUES ($1)  [["version", "20141009151839"]]
  [1m[36m (0.3ms)[0m  [1mCOMMIT[0m
  [1m[35mActiveRecord::SchemaMigration Load (0.2ms)[0m  SELECT "schema_migrations".* FROM "schema_migrations"
